[2026-03-31T16:51:16.991Z] === 부산시 과거 데이터 수집 시작 ===
[2026-03-31T16:51:18.312Z] 대상: 202001 ~ 202402 (50개월)
[2026-03-31T16:51:18.312Z] 구/군: 16개 | 총 조합: 800개
[2026-03-31T16:51:57.132Z] 진행: 10% (80/800) | 누적 수집: 0건 | 오류: 0
[2026-03-31T16:52:28.578Z] 진행: 20% (160/800) | 누적 수집: 0건 | 오류: 0
[2026-03-31T16:52:58.521Z] 진행: 30% (240/800) | 누적 수집: 0건 | 오류: 0
[2026-03-31T16:53:22.747Z] 진행: 40% (320/800) | 누적 수집: 0건 | 오류: 0
[2026-03-31T16:53:41.537Z] 진행: 50% (400/800) | 누적 수집: 0건 | 오류: 0
[2026-03-31T16:54:00.491Z] 진행: 60% (480/800) | 누적 수집: 0건 | 오류: 0
[2026-03-31T16:54:14.900Z] 진행: 70% (560/800) | 누적 수집: 0건 | 오류: 0
[2026-03-31T16:54:29.529Z] 진행: 80% (640/800) | 누적 수집: 0건 | 오류: 0
[2026-03-31T16:54:43.458Z] 진행: 90% (720/800) | 누적 수집: 0건 | 오류: 0
[2026-03-31T16:55:08.469Z] 진행: 100% (800/800) | 누적 수집: 0건 | 오류: 0
[2026-03-31T16:55:08.470Z] 
=== 완료 ===
[2026-03-31T16:55:08.470Z] 총 수집: 0건 | 오류: 0건
de "C:\Users\HOMES\AppData\Local\npm-cache\_npx\32026684e21afda6\node_modules\wrangler\bin\wrangler.js" d1 execute apt-trades --remote --file="C:\Users\HOMES\AppData\Local\Temp\busan_sgg_1774976008862.sql" --json 2>&1
[2026-03-31T16:53:41.537Z] 진행: 50% (400/800) | 누적 수집: 0건 | 오류: 0
[2026-03-31T16:54:00.491Z] 진행: 60% (480/800) | 누적 수집: 0건 | 오류: 0
[2026-03-31T16:54:14.900Z] 진행: 70% (560/800) | 누적 수집: 0건 | 오류: 0
[2026-03-31T16:54:20.454Z] === 부산시 과거 데이터 수집 시작 ===
[2026-03-31T16:54:21.449Z] 치명적 오류: Error: getBusanSggCodes 실패:
Command failed: node "C:\Users\HOMES\AppData\Local\npm-cache\_npx\32026684e21afda6\node_modules\wrangler\bin\wrangler.js" d1 execute apt-trades --remote --file="C:\Users\HOMES\AppData\Local\Temp\busan_sgg_1774976060456.sql" --json 2>&1
stdout: Using "CF_API_TOKEN" environment variable. This is deprecated. Please use "CLOUDFLARE_API_TOKEN", instead.
Using "CF_ACCOUNT_ID" environment variable. This is deprecated. Please use "CLOUDFLARE_ACCOUNT_ID", instead.
├ Checking if file needs uploading
│

{
  "error": {
    "text": "A request to the Cloudflare API (/accounts/9a574dfe1ae12d6ce8b717dfbbbc0ffd /d1/database/e60d3a7f-2ae9-4058-af50-f4f2b34d209d/import) failed.",
    "notes": [
      {
        "text": "The given account is not valid or is not authorized to access this service [code: 7403]"
      }
    ],
    "kind": "error",
    "name": "APIError",
    "code": 7403,
    "accountTag": "9a574dfe1ae12d6ce8b717dfbbbc0ffd"
  }
}

[2026-03-31T16:54:29.529Z] 진행: 80% (640/800) | 누적 수집: 0건 | 오류: 0
[2026-03-31T16:54:43.458Z] 진행: 90% (720/800) | 누적 수집: 0건 | 오류: 0
[2026-03-31T16:54:45.313Z] === 부산시 과거 데이터 수집 시작 ===
[2026-03-31T16:54:46.358Z] 치명적 오류: Error: getBusanSggCodes 실패:
Command failed: node "C:\Users\HOMES\AppData\Local\npm-cache\_npx\32026684e21afda6\node_modules\wrangler\bin\wrangler.js" d1 execute apt-trades --remote --file="C:\Users\HOMES\AppData\Local\Temp\busan_sgg_1774976085315.sql" --json 2>&1
stdout: ├ Checking if file needs uploading
│

{
  "error": {
    "text": "A request to the Cloudflare API (/accounts/9a574dfe1ae12d6ce8b717dfbbbc0ffd /d1/database/e60d3a7f-2ae9-4058-af50-f4f2b34d209d/import) failed.",
    "notes": [
      {
        "text": "The given account is not valid or is not authorized to access this service [code: 7403]"
      }
    ],
    "kind": "error",
    "name": "APIError",
    "code": 7403,
    "accountTag": "9a574dfe1ae12d6ce8b717dfbbbc0ffd"
  }
}
Assertion failed: !(handle->flags & UV_HANDLE_CLOSING), file src\win\async.c, line 76

[2026-03-31T16:55:08.469Z] 진행: 100% (800/800) | 누적 수집: 0건 | 오류: 0
[2026-03-31T16:55:08.470Z] 
=== 완료 ===
[2026-03-31T16:55:08.470Z] 총 수집: 0건 | 오류: 0건
[2026-03-31T16:55:48.050Z] === 부산시 과거 데이터 수집 시작 ===
[2026-03-31T16:55:48.052Z] 대상: 202001 ~ 202402 (50개월)
[2026-03-31T16:55:48.052Z] 구/군: 16개 | 총 조합: 800개
[2026-03-31T16:56:15.269Z] 진행: 10% (80/800) | 누적 수집: 0건 | 오류: 0
[2026-03-31T16:56:34.807Z] 진행: 20% (160/800) | 누적 수집: 0건 | 오류: 0
[2026-03-31T16:56:53.550Z] 진행: 30% (240/800) | 누적 수집: 0건 | 오류: 0
[2026-03-31T16:57:16.963Z] 진행: 40% (320/800) | 누적 수집: 0건 | 오류: 0
[2026-03-31T16:57:43.632Z] 진행: 50% (400/800) | 누적 수집: 0건 | 오류: 0
[2026-03-31T16:58:13.102Z] 진행: 60% (480/800) | 누적 수집: 0건 | 오류: 0
[2026-03-31T16:58:42.772Z] 진행: 70% (560/800) | 누적 수집: 0건 | 오류: 0
[2026-03-31T16:59:06.959Z] 진행: 80% (640/800) | 누적 수집: 0건 | 오류: 0
[2026-03-31T16:59:32.843Z] 진행: 90% (720/800) | 누적 수집: 0건 | 오류: 0
[2026-03-31T16:59:55.055Z] 진행: 100% (800/800) | 누적 수집: 0건 | 오류: 0
[2026-03-31T16:59:55.055Z] 
=== 완료 ===
[2026-03-31T16:59:55.056Z] 총 수집: 0건 | 오류: 0건
